This is pdfTeX, Version 3.14159265-2.6-1.40.21 (TeX Live 2020/W32TeX) (preloaded format=pdflatex 2020.6.1)  23 JUN 2020 19:40
entering extended mode
 restricted \write18 enabled.
 file:line:error style messages enabled.
 %&-line parsing enabled.
**d:/GitRepos/graficos_covid/relatorio/main.tex
(d:/GitRepos/graficos_covid/relatorio/main.tex
LaTeX2e <2020-02-02> patch level 5
L3 programming layer <2020-05-15> (c:/texlive/2020/texmf-dist/tex/latex/base/article.cls
Document Class: article 2019/12/20 v1.4l Standard LaTeX document class
(c:/texlive/2020/texmf-dist/tex/latex/base/size12.clo
File: size12.clo 2019/12/20 v1.4l Standard LaTeX file (size option)
)
\c@part=\count167
\c@section=\count168
\c@subsection=\count169
\c@subsubsection=\count170
\c@paragraph=\count171
\c@subparagraph=\count172
\c@figure=\count173
\c@table=\count174
\abovecaptionskip=\skip47
\belowcaptionskip=\skip48
\bibindent=\dimen134
) (d:/GitRepos/graficos_covid/relatorio/sbc-template.sty
Package: sbc-template 2001/06/09
 (c:/texlive/2020/texmf-dist/tex/latex/geometry/geometry.sty
Package: geometry 2020/01/02 v5.9 Page Geometry
 (c:/texlive/2020/texmf-dist/tex/latex/graphics/keyval.sty
Package: keyval 2014/10/28 v1.15 key=value parser (DPC)
\KV@toks@=\toks15
) (c:/texlive/2020/texmf-dist/tex/generic/iftex/ifvtex.sty
Package: ifvtex 2019/10/25 v1.7 ifvtex legacy package. Use iftex instead.
 (c:/texlive/2020/texmf-dist/tex/generic/iftex/iftex.sty
Package: iftex 2020/03/06 v1.0d TeX engine tests
))
\Gm@cnth=\count175
\Gm@cntv=\count176
\c@Gm@tempcnt=\count177
\Gm@bindingoffset=\dimen135
\Gm@wd@mp=\dimen136
\Gm@odd@mp=\dimen137
\Gm@even@mp=\dimen138
\Gm@layoutwidth=\dimen139
\Gm@layoutheight=\dimen140
\Gm@layouthoffset=\dimen141
\Gm@layoutvoffset=\dimen142
\Gm@dimlist=\toks16
) (d:/GitRepos/graficos_covid/relatorio/caption2.sty
Package: caption2 2002/08/03 v2.1 Customising captions (AS)
\captionmargin=\dimen143
\captionwidth=\dimen144
\captionindent=\dimen145
Package caption2 Info: Running in caption2 v2.0 compatibility mode on input line 147.
\captionlinewidth=\dimen146
) (c:/texlive/2020/texmf-dist/tex/latex/psnfss/times.sty
Package: times 2020/03/25 PSNFSS-v9.3 (SPQR) 
)
\c@instn=\count178
 (c:/texlive/2020/texmf-dist/tex/latex/titlesec/titlesec.sty
Package: titlesec 2019/10/16 v2.13 Sectioning titles
\ttl@box=\box45
\beforetitleunit=\skip49
\aftertitleunit=\skip50
\ttl@plus=\dimen147
\ttl@minus=\dimen148
\ttl@toksa=\toks17
\titlewidth=\dimen149
\titlewidthlast=\dimen150
\titlewidthfirst=\dimen151
)) (c:/texlive/2020/texmf-dist/tex/latex/graphics/graphicx.sty
Package: graphicx 2019/11/30 v1.2a Enhanced LaTeX Graphics (DPC,SPQR)
 (c:/texlive/2020/texmf-dist/tex/latex/graphics/graphics.sty
Package: graphics 2019/11/30 v1.4a Standard LaTeX Graphics (DPC,SPQR)
 (c:/texlive/2020/texmf-dist/tex/latex/graphics/trig.sty
Package: trig 2016/01/03 v1.10 sin cos tan (DPC)
) (c:/texlive/2020/texmf-dist/tex/latex/graphics-cfg/graphics.cfg
File: graphics.cfg 2016/06/04 v1.11 sample graphics configuration
)
Package graphics Info: Driver file: pdftex.def on input line 105.
 (c:/texlive/2020/texmf-dist/tex/latex/graphics-def/pdftex.def
File: pdftex.def 2018/01/08 v1.0l Graphics/color driver for pdftex
))
\Gin@req@height=\dimen152
\Gin@req@width=\dimen153
) (c:/texlive/2020/texmf-dist/tex/latex/url/url.sty
\Urlmuskip=\muskip16
Package: url 2013/09/16  ver 3.4  Verb mode for urls, etc.
) (c:/texlive/2020/texmf-dist/tex/generic/babel/babel.sty
Package: babel 2020/05/13 3.44 The Babel package
 (c:/texlive/2020/texmf-dist/tex/generic/babel/babel.def
File: babel.def 2020/05/13 3.44 Babel common definitions
\babel@savecnt=\count179
\U@D=\dimen154
\l@babelnohyphens=\language86
 (c:/texlive/2020/texmf-dist/tex/generic/babel/txtbabel.def)
\bbl@readstream=\read2
)
\bbl@dirlevel=\count180
 (c:/texlive/2020/texmf-dist/tex/generic/babel-portuges/brazil.ldf
Language: portuges 2020/05/04 v1.2r Portuguese support from the babel system
Package babel Info: \l@brazil = using hyphenrules for portuguese
(babel)             (\language69) on input line 111.
Package babel Info: Making " an active character on input line 143.
)) (c:/texlive/2020/texmf-dist/tex/latex/base/inputenc.sty
Package: inputenc 2018/08/11 v1.3c Input encoding file
\inpenc@prehook=\toks18
\inpenc@posthook=\toks19
) (c:/texlive/2020/texmf-dist/tex/latex/units/units.sty
Package: units 1998/08/04 v0.9b Typesetting units
 (c:/texlive/2020/texmf-dist/tex/latex/base/ifthen.sty
Package: ifthen 2014/09/29 v1.1c Standard LaTeX ifthen package (DPC)
) (c:/texlive/2020/texmf-dist/tex/latex/units/nicefrac.sty
Package: nicefrac 1998/08/04 v0.9b Nice fractions
\L@UnitsRaiseDisplaystyle=\skip51
\L@UnitsRaiseTextstyle=\skip52
\L@UnitsRaiseScriptstyle=\skip53
)) (c:/texlive/2020/texmf-dist/tex/latex/fancyhdr/fancyhdr.sty
Package: fancyhdr 2019/01/31 v3.10 Extensive control of page headers and footers
\f@nch@headwidth=\skip54
\f@nch@O@elh=\skip55
\f@nch@O@erh=\skip56
\f@nch@O@olh=\skip57
\f@nch@O@orh=\skip58
\f@nch@O@elf=\skip59
\f@nch@O@erf=\skip60
\f@nch@O@olf=\skip61
\f@nch@O@orf=\skip62
) (c:/texlive/2020/texmf-dist/tex/latex/l3backend/l3backend-pdfmode.def
File: l3backend-pdfmode.def 2020-05-05 L3 backend support: PDF mode
\l__kernel_color_stack_int=\count181
\l__pdf_internal_box=\box46
) (d:/GitRepos/graficos_covid/relatorio/main.aux)
\openout1 = `main.aux'.

LaTeX Font Info:    Checking defaults for OML/cmm/m/it on input line 20.
LaTeX Font Info:    ... okay on input line 20.
LaTeX Font Info:    Checking defaults for OMS/cmsy/m/n on input line 20.
LaTeX Font Info:    ... okay on input line 20.
LaTeX Font Info:    Checking defaults for OT1/cmr/m/n on input line 20.
LaTeX Font Info:    ... okay on input line 20.
LaTeX Font Info:    Checking defaults for T1/cmr/m/n on input line 20.
LaTeX Font Info:    ... okay on input line 20.
LaTeX Font Info:    Checking defaults for TS1/cmr/m/n on input line 20.
LaTeX Font Info:    ... okay on input line 20.
LaTeX Font Info:    Checking defaults for OMX/cmex/m/n on input line 20.
LaTeX Font Info:    ... okay on input line 20.
LaTeX Font Info:    Checking defaults for U/cmr/m/n on input line 20.
LaTeX Font Info:    ... okay on input line 20.
LaTeX Font Info:    Trying to load font information for OT1+ptm on input line 20.
 (c:/texlive/2020/texmf-dist/tex/latex/psnfss/ot1ptm.fd
File: ot1ptm.fd 2001/06/04 font definitions for OT1/ptm.
)
*geometry* driver: auto-detecting
*geometry* detected driver: pdftex
*geometry* verbose mode - [ preamble ] result:
* driver: pdftex
* paper: a4paper
* layout: <same size as paper>
* layoutoffset:(h,v)=(0.0pt,0.0pt)
* modes: 
* h-part:(L,W,R)=(85.35826pt, 426.79135pt, 85.35826pt)
* v-part:(T,H,B)=(99.58464pt, 674.33032pt, 71.13188pt)
* \paperwidth=597.50787pt
* \paperheight=845.04684pt
* \textwidth=426.79135pt
* \textheight=674.33032pt
* \oddsidemargin=13.08827pt
* \evensidemargin=13.08827pt
* \topmargin=-9.68535pt
* \headheight=12.0pt
* \headsep=25.0pt
* \topskip=12.0pt
* \footskip=30.0pt
* \marginparwidth=44.0pt
* \marginparsep=10.0pt
* \columnsep=10.0pt
* \skip\footins=10.8pt plus 4.0pt minus 2.0pt
* \hoffset=0.0pt
* \voffset=0.0pt
* \mag=1000
* \@twocolumnfalse
* \@twosidefalse
* \@mparswitchfalse
* \@reversemarginfalse
* (1in=72.27pt=25.4mm, 1cm=28.453pt)

(c:/texlive/2020/texmf-dist/tex/context/base/mkii/supp-pdf.mkii
[Loading MPS to PDF converter (version 2006.09.02).]
\scratchcounter=\count182
\scratchdimen=\dimen155
\scratchbox=\box47
\nofMPsegments=\count183
\nofMParguments=\count184
\everyMPshowfont=\toks20
\MPscratchCnt=\count185
\MPscratchDim=\dimen156
\MPnumerator=\count186
\makeMPintoPDFobject=\count187
\everyMPtoPDFconversion=\toks21
) (c:/texlive/2020/texmf-dist/tex/latex/epstopdf-pkg/epstopdf-base.sty
Package: epstopdf-base 2020-01-24 v2.11 Base part for package epstopdf
Package epstopdf-base Info: Redefining graphics rule for `.eps' on input line 485.
 (c:/texlive/2020/texmf-dist/tex/latex/latexconfig/epstopdf-sys.cfg
File: epstopdf-sys.cfg 2010/07/13 v1.3 Configuration of (r)epstopdf for TeX Live
))
LaTeX Font Info:    External font `cmex10' loaded for size
(Font)              <12> on input line 43.
LaTeX Font Info:    External font `cmex10' loaded for size
(Font)              <8> on input line 43.
LaTeX Font Info:    External font `cmex10' loaded for size
(Font)              <6> on input line 43.
LaTeX Font Info:    Trying to load font information for OT1+pcr on input line 43.
 (c:/texlive/2020/texmf-dist/tex/latex/psnfss/ot1pcr.fd
File: ot1pcr.fd 2001/06/04 font definitions for OT1/pcr.
)
Overfull \hbox (47.20866pt too wide) in paragraph at lines 43--43
 [][] 
 []

[1

{c:/texlive/2020/texmf-var/fonts/map/pdftex/updmap/pdftex.map}]
<figs/casos_por_municipio.png, id=12, 846.16125pt x 1090.0725pt>
File: figs/casos_por_municipio.png Graphic file (type png)
<use figs/casos_por_municipio.png>
Package pdftex.def Info: figs/casos_por_municipio.png  used on input line 62.
(pdftex.def)             Requested size: 426.79135pt x 549.80862pt.
LaTeX Font Info:    Trying to load font information for OT1+phv on input line 63.
 (c:/texlive/2020/texmf-dist/tex/latex/psnfss/ot1phv.fd
File: ot1phv.fd 2020/03/25 scalable font definitions for OT1/phv.
)

Package Fancyhdr Warning: \headheight is too small (12.0pt): 
Make it at least 14.49998pt.
We now make it that large for the rest of the document.
This may cause the page layout to be inconsistent, however.

[2 <d:/GitRepos/graficos_covid/relatorio/figs/casos_por_municipio.png>]
LaTeX Font Info:    External font `cmex10' loaded for size
(Font)              <7> on input line 73.
LaTeX Font Info:    External font `cmex10' loaded for size
(Font)              <5> on input line 73.
<figs/pop_por_municipio.png, id=19, 855.195pt x 1090.0725pt>
File: figs/pop_por_municipio.png Graphic file (type png)
<use figs/pop_por_municipio.png>
Package pdftex.def Info: figs/pop_por_municipio.png  used on input line 79.
(pdftex.def)             Requested size: 426.79135pt x 544.00366pt.
<figs/casos_100_mil_por_municipio.png, id=20, 852.18375pt x 1090.0725pt>
File: figs/casos_100_mil_por_municipio.png Graphic file (type png)
<use figs/casos_100_mil_por_municipio.png>
Package pdftex.def Info: figs/casos_100_mil_por_municipio.png  used on input line 88.
(pdftex.def)             Requested size: 426.79135pt x 545.9331pt.
 [3]
<figs/mapa_casos_registrados.png, id=25, 1084.05pt x 1084.05pt>
File: figs/mapa_casos_registrados.png Graphic file (type png)
<use figs/mapa_casos_registrados.png>
Package pdftex.def Info: figs/mapa_casos_registrados.png  used on input line 105.
(pdftex.def)             Requested size: 426.79135pt x 426.79733pt.
 [4 <d:/GitRepos/graficos_covid/relatorio/figs/pop_por_municipio.png>]
<figs/mapa_casos_100_mil.png, id=30, 925.4575pt x 840.13875pt>
File: figs/mapa_casos_100_mil.png Graphic file (type png)
<use figs/mapa_casos_100_mil.png>
Package pdftex.def Info: figs/mapa_casos_100_mil.png  used on input line 114.
(pdftex.def)             Requested size: 426.79135pt x 387.4428pt.

Underfull \vbox (badness 8019) has occurred while \output is active []

 [5 <d:/GitRepos/graficos_covid/relatorio/figs/casos_100_mil_por_municipio.png>]
Underfull \vbox (badness 10000) has occurred while \output is active []

 [6 <d:/GitRepos/graficos_covid/relatorio/figs/mapa_casos_registrados.png>]
<figs/Dourados_Manaus_casos.png, id=39, 628.3475pt x 651.43375pt>
File: figs/Dourados_Manaus_casos.png Graphic file (type png)
<use figs/Dourados_Manaus_casos.png>
Package pdftex.def Info: figs/Dourados_Manaus_casos.png  used on input line 129.
(pdftex.def)             Requested size: 256.07741pt x 265.47926pt.
<figs/Dourados_Manaus_casos_log.png, id=40, 619.31375pt x 651.43375pt>
File: figs/Dourados_Manaus_casos_log.png Graphic file (type png)
<use figs/Dourados_Manaus_casos_log.png>
Package pdftex.def Info: figs/Dourados_Manaus_casos_log.png  used on input line 138.
(pdftex.def)             Requested size: 256.07741pt x 269.36583pt.
 [7 <d:/GitRepos/graficos_covid/relatorio/figs/mapa_casos_100_mil.png>]
Underfull \vbox (badness 1067) has occurred while \output is active []

 [8 <d:/GitRepos/graficos_covid/relatorio/figs/Dourados_Manaus_casos.png> <d:/GitRepos/graficos_covid/relatorio/figs/Dourados_Manaus_casos_log.png>] (d:/GitRepos/graficos_covid/relatorio/main.bbl

LaTeX Warning: Empty `thebibliography' environment on input line 3.

) [9] (d:/GitRepos/graficos_covid/relatorio/main.aux) ) 
Here is how much of TeX's memory you used:
 3385 strings out of 480476
 48546 string characters out of 5903482
 314429 words of memory out of 5000000
 19353 multiletter control sequences out of 15000+600000
 553979 words of font info for 59 fonts, out of 8000000 for 9000
 1141 hyphenation exceptions out of 8191
 38i,10n,45p,1042b,334s stack positions out of 5000i,500n,10000p,200000b,80000s
{c:/texlive/2020/texmf-dist/fonts/enc/dvips/base/8r.enc}<c:/texlive/2020/texmf-dist/fonts/type1/public/amsfonts/cm/cmmi12.pfb><c:/texlive/2020/texmf-dist/fonts/type1/public/amsfonts/cm/cmr8.pfb><c:/texlive/2020/texmf-dist/fonts/type1/urw/courier/ucrr8a.pfb><c:/texlive/2020/texmf-dist/fonts/type1/urw/helvetic/uhvb8a.pfb><c:/texlive/2020/texmf-dist/fonts/type1/urw/times/utmb8a.pfb><c:/texlive/2020/texmf-dist/fonts/type1/urw/times/utmbi8a.pfb><c:/texlive/2020/texmf-dist/fonts/type1/urw/times/utmr8a.pfb><c:/texlive/2020/texmf-dist/fonts/type1/urw/times/utmri8a.pfb>
Output written on d:/GitRepos/graficos_covid/relatorio/main.pdf (9 pages, 697758 bytes).
PDF statistics:
 82 PDF objects out of 1000 (max. 8388607)
 48 compressed objects within 1 object stream
 0 named destinations out of 1000 (max. 500000)
 36 words of extra memory for PDF output out of 10000 (max. 10000000)

